This mapping 'snapshot_20161220' was designed for MC 1.11! Use at your own peril.This mapping 'snapshot_20161220' was designed for MC 1.11! Use at your own peril.

:deobfCompileDummyTask
:deobfProvidedDummyTask
:getVersionJson
:extractUserdev UP-TO-DATE
:extractDependencyATs SKIPPED
:extractMcpData SKIPPED
:extractMcpMappings SKIPPED
:genSrgs SKIPPED
:downloadClient SKIPPED
:downloadServer SKIPPED
:splitServerJar SKIPPED
:mergeJars SKIPPED
:deobfMcSRG SKIPPED
:decompileMc SKIPPED
:fixMcSources SKIPPED
:applySourcePatches
:remapMcSources SKIPPED
:recompileMc SKIPPED
:extractNatives SKIPPED
:getAssetIndex UP-TO-DATE
:getAssets
Current status: 255/1196   21%
Current status: 648/1196   54%
:makeStart
:setupDecompWorkspace

BUILD SUCCESSFUL

Total time: 21.595 secs
